  Determining projects to restore...
  Restored C:\Users\Neil\source\repos\OCC-Rev5\OCC.Client\OCC.Client\OCC.Client.csproj (in 184 ms).
  Restored C:\Users\Neil\source\repos\OCC-Rev5\OCC.Client\OCC.Client.Desktop\OCC.Client.Desktop.csproj (in 184 ms).
  1 of 3 projects are up-to-date for restore.
  OCC.Shared -> C:\Users\Neil\source\repos\OCC-Rev5\OCC.Shared\bin\Debug\net9.0\OCC.Shared.dll
  Avalonia Accelerate Community requires telemetry. To opt out, please upgrade to a paid tier. Learn more: https://avaloniaui.net/accelerate/
  OCC.Client -> C:\Users\Neil\source\repos\OCC-Rev5\OCC.Client\OCC.Client\bin\Debug\net9.0\OCC.Client.dll
  Avalonia Accelerate Community requires telemetry. To opt out, please upgrade to a paid tier. Learn more: https://avaloniaui.net/accelerate/
C:\Users\Neil\source\repos\OCC-Rev5\OCC.Client\OCC.Client.Desktop\Program.cs(21,18): error CS1061: 'AppBuilder' does not contain a definition for 'UseSvg' and no accessible extension method 'UseSvg' accepting a first argument of type 'AppBuilder' could be found (are you missing a using directive or an assembly reference?) [C:\Users\Neil\source\repos\OCC-Rev5\OCC.Client\OCC.Client.Desktop\OCC.Client.Desktop.csproj]

Build FAILED.

C:\Users\Neil\source\repos\OCC-Rev5\OCC.Client\OCC.Client.Desktop\Program.cs(21,18): error CS1061: 'AppBuilder' does not contain a definition for 'UseSvg' and no accessible extension method 'UseSvg' accepting a first argument of type 'AppBuilder' could be found (are you missing a using directive or an assembly reference?) [C:\Users\Neil\source\repos\OCC-Rev5\OCC.Client\OCC.Client.Desktop\OCC.Client.Desktop.csproj]
    0 Warning(s)
    1 Error(s)

Time Elapsed 00:00:01.99
